{"/Users/bube/Documents/School/Stage_2/SoftwareDevInPractice/ElCobra/snake/collisions/avoidCollisionWithOtherSnakes.js": {"path":"/Users/bube/Documents/School/Stage_2/SoftwareDevInPractice/ElCobra/snake/collisions/avoidCollisionWithOtherSnakes.js","statementMap":{"0":{"start":{"line":3,"column":17},"end":{"line":3,"column":38}},"1":{"start":{"line":4,"column":22},"end":{"line":4,"column":44}},"2":{"start":{"line":5,"column":24},"end":{"line":7,"column":3}},"3":{"start":{"line":6,"column":36},"end":{"line":6,"column":51}},"4":{"start":{"line":9,"column":2},"end":{"line":41,"column":3}},"5":{"start":{"line":10,"column":22},"end":{"line":10,"column":35}},"6":{"start":{"line":11,"column":22},"end":{"line":11,"column":35}},"7":{"start":{"line":14,"column":15},"end":{"line":14,"column":40}},"8":{"start":{"line":15,"column":15},"end":{"line":15,"column":40}},"9":{"start":{"line":16,"column":21},"end":{"line":16,"column":65}},"10":{"start":{"line":19,"column":24},"end":{"line":19,"column":72}},"11":{"start":{"line":22,"column":17},"end":{"line":22,"column":34}},"12":{"start":{"line":24,"column":4},"end":{"line":40,"column":5}},"13":{"start":{"line":27,"column":6},"end":{"line":29,"column":7}},"14":{"start":{"line":28,"column":8},"end":{"line":28,"column":16}},"15":{"start":{"line":31,"column":6},"end":{"line":39,"column":7}},"16":{"start":{"line":32,"column":8},"end":{"line":32,"column":32}},"17":{"start":{"line":33,"column":13},"end":{"line":39,"column":7}},"18":{"start":{"line":34,"column":8},"end":{"line":34,"column":31}},"19":{"start":{"line":35,"column":13},"end":{"line":39,"column":7}},"20":{"start":{"line":36,"column":8},"end":{"line":36,"column":29}},"21":{"start":{"line":37,"column":13},"end":{"line":39,"column":7}},"22":{"start":{"line":38,"column":8},"end":{"line":38,"column":31}},"23":{"start":{"line":43,"column":2},"end":{"line":43,"column":19}}},"fnMap":{"0":{"name":"avoidCollisionsWithOtherSnakes","decl":{"start":{"line":2,"column":16},"end":{"line":2,"column":46}},"loc":{"start":{"line":2,"column":70},"end":{"line":44,"column":1}},"line":2},"1":{"name":"(anonymous_1)","decl":{"start":{"line":6,"column":29},"end":{"line":6,"column":30}},"loc":{"start":{"line":6,"column":36},"end":{"line":6,"column":51}},"line":6}},"branchMap":{"0":{"loc":{"start":{"line":27,"column":6},"end":{"line":29,"column":7}},"type":"if","locations":[{"start":{"line":27,"column":6},"end":{"line":29,"column":7}},{"start":{},"end":{}}],"line":27},"1":{"loc":{"start":{"line":27,"column":10},"end":{"line":27,"column":42}},"type":"binary-expr","locations":[{"start":{"line":27,"column":10},"end":{"line":27,"column":26}},{"start":{"line":27,"column":30},"end":{"line":27,"column":42}}],"line":27},"2":{"loc":{"start":{"line":31,"column":6},"end":{"line":39,"column":7}},"type":"if","locations":[{"start":{"line":31,"column":6},"end":{"line":39,"column":7}},{"start":{"line":33,"column":13},"end":{"line":39,"column":7}}],"line":31},"3":{"loc":{"start":{"line":31,"column":10},"end":{"line":31,"column":62}},"type":"binary-expr","locations":[{"start":{"line":31,"column":10},"end":{"line":31,"column":36}},{"start":{"line":31,"column":40},"end":{"line":31,"column":62}}],"line":31},"4":{"loc":{"start":{"line":33,"column":13},"end":{"line":39,"column":7}},"type":"if","locations":[{"start":{"line":33,"column":13},"end":{"line":39,"column":7}},{"start":{"line":35,"column":13},"end":{"line":39,"column":7}}],"line":33},"5":{"loc":{"start":{"line":33,"column":17},"end":{"line":33,"column":69}},"type":"binary-expr","locations":[{"start":{"line":33,"column":17},"end":{"line":33,"column":43}},{"start":{"line":33,"column":47},"end":{"line":33,"column":69}}],"line":33},"6":{"loc":{"start":{"line":35,"column":13},"end":{"line":39,"column":7}},"type":"if","locations":[{"start":{"line":35,"column":13},"end":{"line":39,"column":7}},{"start":{"line":37,"column":13},"end":{"line":39,"column":7}}],"line":35},"7":{"loc":{"start":{"line":35,"column":17},"end":{"line":35,"column":69}},"type":"binary-expr","locations":[{"start":{"line":35,"column":17},"end":{"line":35,"column":43}},{"start":{"line":35,"column":47},"end":{"line":35,"column":69}}],"line":35},"8":{"loc":{"start":{"line":37,"column":13},"end":{"line":39,"column":7}},"type":"if","locations":[{"start":{"line":37,"column":13},"end":{"line":39,"column":7}},{"start":{},"end":{}}],"line":37},"9":{"loc":{"start":{"line":37,"column":17},"end":{"line":37,"column":69}},"type":"binary-expr","locations":[{"start":{"line":37,"column":17},"end":{"line":37,"column":43}},{"start":{"line":37,"column":47},"end":{"line":37,"column":69}}],"line":37}},"s":{"0":3,"1":3,"2":3,"3":1,"4":3,"5":4,"6":4,"7":4,"8":4,"9":4,"10":4,"11":4,"12":4,"13":12,"14":3,"15":9,"16":1,"17":8,"18":2,"19":6,"20":1,"21":5,"22":0,"23":3},"f":{"0":3,"1":1},"b":{"0":[3,9],"1":[12,4],"2":[1,8],"3":[9,2],"4":[2,6],"5":[8,3],"6":[1,5],"7":[6,3],"8":[0,5],"9":[5,1]},"_coverageSchema":"1a1c01bbd47fc00a2c39e90264f33305004495a9","hash":"b33d480bb51c40a616a032a5ecfff91ede676360"}
,"/Users/bube/Documents/School/Stage_2/SoftwareDevInPractice/ElCobra/snake/collisions/avoidHeadToHead.js": {"path":"/Users/bube/Documents/School/Stage_2/SoftwareDevInPractice/ElCobra/snake/collisions/avoidHeadToHead.js","statementMap":{"0":{"start":{"line":2,"column":17},"end":{"line":2,"column":35}},"1":{"start":{"line":3,"column":19},"end":{"line":3,"column":39}},"2":{"start":{"line":4,"column":21},"end":{"line":9,"column":3}},"3":{"start":{"line":11,"column":2},"end":{"line":33,"column":3}},"4":{"start":{"line":12,"column":4},"end":{"line":12,"column":47}},"5":{"start":{"line":12,"column":39},"end":{"line":12,"column":47}},"6":{"start":{"line":13,"column":22},"end":{"line":13,"column":32}},"7":{"start":{"line":14,"column":24},"end":{"line":14,"column":36}},"8":{"start":{"line":17,"column":23},"end":{"line":22,"column":5}},"9":{"start":{"line":24,"column":4},"end":{"line":32,"column":5}},"10":{"start":{"line":25,"column":6},"end":{"line":31,"column":7}},"11":{"start":{"line":27,"column":31},"end":{"line":27,"column":61}},"12":{"start":{"line":30,"column":8},"end":{"line":30,"column":32}},"13":{"start":{"line":34,"column":2},"end":{"line":34,"column":19}}},"fnMap":{"0":{"name":"avoidHeadToHead","decl":{"start":{"line":1,"column":16},"end":{"line":1,"column":31}},"loc":{"start":{"line":1,"column":55},"end":{"line":35,"column":1}},"line":1},"1":{"name":"(anonymous_1)","decl":{"start":{"line":27,"column":24},"end":{"line":27,"column":25}},"loc":{"start":{"line":27,"column":31},"end":{"line":27,"column":61}},"line":27}},"branchMap":{"0":{"loc":{"start":{"line":12,"column":4},"end":{"line":12,"column":47}},"type":"if","locations":[{"start":{"line":12,"column":4},"end":{"line":12,"column":47}},{"start":{},"end":{}}],"line":12},"1":{"loc":{"start":{"line":25,"column":6},"end":{"line":31,"column":7}},"type":"if","locations":[{"start":{"line":25,"column":6},"end":{"line":31,"column":7}},{"start":{},"end":{}}],"line":25},"2":{"loc":{"start":{"line":26,"column":8},"end":{"line":28,"column":31}},"type":"binary-expr","locations":[{"start":{"line":26,"column":8},"end":{"line":26,"column":24}},{"start":{"line":27,"column":8},"end":{"line":27,"column":62}},{"start":{"line":28,"column":8},"end":{"line":28,"column":31}}],"line":26},"3":{"loc":{"start":{"line":27,"column":31},"end":{"line":27,"column":61}},"type":"binary-expr","locations":[{"start":{"line":27,"column":31},"end":{"line":27,"column":44}},{"start":{"line":27,"column":48},"end":{"line":27,"column":61}}],"line":27}},"s":{"0":1,"1":1,"2":1,"3":1,"4":1,"5":0,"6":1,"7":1,"8":1,"9":1,"10":4,"11":16,"12":0,"13":1},"f":{"0":1,"1":16},"b":{"0":[0,1],"1":[0,4],"2":[4,4,0],"3":[16,4]},"_coverageSchema":"1a1c01bbd47fc00a2c39e90264f33305004495a9","hash":"3ec5ced83fd10b7efe7ef3c48f14f74c424b0250"}
,"/Users/bube/Documents/School/Stage_2/SoftwareDevInPractice/ElCobra/snake/collisions/avoidWalls.js": {"path":"/Users/bube/Documents/School/Stage_2/SoftwareDevInPractice/ElCobra/snake/collisions/avoidWalls.js","statementMap":{"0":{"start":{"line":2,"column":21},"end":{"line":2,"column":42}},"1":{"start":{"line":3,"column":22},"end":{"line":3,"column":44}},"2":{"start":{"line":4,"column":17},"end":{"line":4,"column":38}},"3":{"start":{"line":6,"column":2},"end":{"line":6,"column":45}},"4":{"start":{"line":6,"column":22},"end":{"line":6,"column":45}},"5":{"start":{"line":7,"column":2},"end":{"line":7,"column":59}},"6":{"start":{"line":7,"column":35},"end":{"line":7,"column":59}},"7":{"start":{"line":8,"column":2},"end":{"line":8,"column":45}},"8":{"start":{"line":8,"column":22},"end":{"line":8,"column":45}},"9":{"start":{"line":9,"column":2},"end":{"line":9,"column":57}},"10":{"start":{"line":9,"column":36},"end":{"line":9,"column":57}},"11":{"start":{"line":11,"column":2},"end":{"line":11,"column":19}}},"fnMap":{"0":{"name":"avoidWalls","decl":{"start":{"line":1,"column":16},"end":{"line":1,"column":26}},"loc":{"start":{"line":1,"column":50},"end":{"line":12,"column":1}},"line":1}},"branchMap":{"0":{"loc":{"start":{"line":6,"column":2},"end":{"line":6,"column":45}},"type":"if","locations":[{"start":{"line":6,"column":2},"end":{"line":6,"column":45}},{"start":{},"end":{}}],"line":6},"1":{"loc":{"start":{"line":7,"column":2},"end":{"line":7,"column":59}},"type":"if","locations":[{"start":{"line":7,"column":2},"end":{"line":7,"column":59}},{"start":{},"end":{}}],"line":7},"2":{"loc":{"start":{"line":8,"column":2},"end":{"line":8,"column":45}},"type":"if","locations":[{"start":{"line":8,"column":2},"end":{"line":8,"column":45}},{"start":{},"end":{}}],"line":8},"3":{"loc":{"start":{"line":9,"column":2},"end":{"line":9,"column":57}},"type":"if","locations":[{"start":{"line":9,"column":2},"end":{"line":9,"column":57}},{"start":{},"end":{}}],"line":9}},"s":{"0":2,"1":2,"2":2,"3":2,"4":1,"5":2,"6":0,"7":2,"8":0,"9":2,"10":1,"11":2},"f":{"0":2},"b":{"0":[1,1],"1":[0,2],"2":[0,2],"3":[1,1]},"_coverageSchema":"1a1c01bbd47fc00a2c39e90264f33305004495a9","hash":"a091f33a129ebb35aad0a89a52397a1335a9d9bc"}
,"/Users/bube/Documents/School/Stage_2/SoftwareDevInPractice/ElCobra/snake/collisions/preventSelfCollision.js": {"path":"/Users/bube/Documents/School/Stage_2/SoftwareDevInPractice/ElCobra/snake/collisions/preventSelfCollision.js","statementMap":{"0":{"start":{"line":2,"column":17},"end":{"line":2,"column":35}},"1":{"start":{"line":3,"column":17},"end":{"line":3,"column":38}},"2":{"start":{"line":5,"column":2},"end":{"line":46,"column":3}},"3":{"start":{"line":6,"column":4},"end":{"line":45,"column":5}},"4":{"start":{"line":7,"column":29},"end":{"line":7,"column":57}},"5":{"start":{"line":9,"column":6},"end":{"line":31,"column":7}},"6":{"start":{"line":11,"column":10},"end":{"line":11,"column":33}},"7":{"start":{"line":13,"column":10},"end":{"line":13,"column":15}},"8":{"start":{"line":16,"column":10},"end":{"line":16,"column":33}},"9":{"start":{"line":18,"column":10},"end":{"line":18,"column":15}},"10":{"start":{"line":21,"column":10},"end":{"line":21,"column":33}},"11":{"start":{"line":23,"column":10},"end":{"line":23,"column":15}},"12":{"start":{"line":26,"column":10},"end":{"line":26,"column":33}},"13":{"start":{"line":28,"column":10},"end":{"line":28,"column":15}},"14":{"start":{"line":34,"column":26},"end":{"line":34,"column":41}},"15":{"start":{"line":37,"column":6},"end":{"line":44,"column":7}},"16":{"start":{"line":40,"column":12},"end":{"line":40,"column":80}},"17":{"start":{"line":43,"column":8},"end":{"line":43,"column":32}},"18":{"start":{"line":48,"column":2},"end":{"line":48,"column":19}}},"fnMap":{"0":{"name":"preventSelfCollision","decl":{"start":{"line":1,"column":16},"end":{"line":1,"column":36}},"loc":{"start":{"line":1,"column":60},"end":{"line":49,"column":1}},"line":1},"1":{"name":"(anonymous_1)","decl":{"start":{"line":39,"column":10},"end":{"line":39,"column":11}},"loc":{"start":{"line":40,"column":12},"end":{"line":40,"column":80}},"line":40}},"branchMap":{"0":{"loc":{"start":{"line":6,"column":4},"end":{"line":45,"column":5}},"type":"if","locations":[{"start":{"line":6,"column":4},"end":{"line":45,"column":5}},{"start":{},"end":{}}],"line":6},"1":{"loc":{"start":{"line":9,"column":6},"end":{"line":31,"column":7}},"type":"switch","locations":[{"start":{"line":10,"column":8},"end":{"line":14,"column":9}},{"start":{"line":15,"column":8},"end":{"line":19,"column":9}},{"start":{"line":20,"column":8},"end":{"line":24,"column":9}},{"start":{"line":25,"column":8},"end":{"line":29,"column":9}}],"line":9},"2":{"loc":{"start":{"line":37,"column":6},"end":{"line":44,"column":7}},"type":"if","locations":[{"start":{"line":37,"column":6},"end":{"line":44,"column":7}},{"start":{},"end":{}}],"line":37},"3":{"loc":{"start":{"line":40,"column":12},"end":{"line":40,"column":80}},"type":"binary-expr","locations":[{"start":{"line":40,"column":12},"end":{"line":40,"column":44}},{"start":{"line":40,"column":48},"end":{"line":40,"column":80}}],"line":40}},"s":{"0":2,"1":2,"2":2,"3":8,"4":8,"5":8,"6":2,"7":2,"8":2,"9":2,"10":2,"11":2,"12":2,"13":2,"14":8,"15":8,"16":14,"17":2,"18":2},"f":{"0":2,"1":14},"b":{"0":[8,0],"1":[2,2,2,2],"2":[2,6],"3":[14,6]},"_coverageSchema":"1a1c01bbd47fc00a2c39e90264f33305004495a9","hash":"0b13f87c15103a3227653e5840a4d5b3382b623a"}
,"/Users/bube/Documents/School/Stage_2/SoftwareDevInPractice/ElCobra/snake/movement/evaluateGameState.js": {"path":"/Users/bube/Documents/School/Stage_2/SoftwareDevInPractice/ElCobra/snake/movement/evaluateGameState.js","statementMap":{"0":{"start":{"line":3,"column":17},"end":{"line":3,"column":35}},"1":{"start":{"line":4,"column":19},"end":{"line":4,"column":39}},"2":{"start":{"line":5,"column":19},"end":{"line":5,"column":39}},"3":{"start":{"line":6,"column":16},"end":{"line":6,"column":31}},"4":{"start":{"line":9,"column":14},"end":{"line":9,"column":15}},"5":{"start":{"line":12,"column":2},"end":{"line":21,"column":3}},"6":{"start":{"line":13,"column":30},"end":{"line":13,"column":38}},"7":{"start":{"line":14,"column":4},"end":{"line":19,"column":5}},"8":{"start":{"line":15,"column":23},"end":{"line":15,"column":76}},"9":{"start":{"line":16,"column":6},"end":{"line":18,"column":7}},"10":{"start":{"line":17,"column":8},"end":{"line":17,"column":38}},"11":{"start":{"line":20,"column":4},"end":{"line":20,"column":36}},"12":{"start":{"line":24,"column":2},"end":{"line":24,"column":24}},"13":{"start":{"line":27,"column":2},"end":{"line":27,"column":19}},"14":{"start":{"line":29,"column":2},"end":{"line":29,"column":14}},"15":{"start":{"line":33,"column":2},"end":{"line":33,"column":46}}},"fnMap":{"0":{"name":"evaluateGameState","decl":{"start":{"line":2,"column":16},"end":{"line":2,"column":33}},"loc":{"start":{"line":2,"column":45},"end":{"line":30,"column":1}},"line":2},"1":{"name":"getDistanceFromTo","decl":{"start":{"line":32,"column":9},"end":{"line":32,"column":26}},"loc":{"start":{"line":32,"column":43},"end":{"line":34,"column":1}},"line":32}},"branchMap":{"0":{"loc":{"start":{"line":12,"column":2},"end":{"line":21,"column":3}},"type":"if","locations":[{"start":{"line":12,"column":2},"end":{"line":21,"column":3}},{"start":{},"end":{}}],"line":12},"1":{"loc":{"start":{"line":12,"column":6},"end":{"line":12,"column":44}},"type":"binary-expr","locations":[{"start":{"line":12,"column":6},"end":{"line":12,"column":19}},{"start":{"line":12,"column":23},"end":{"line":12,"column":44}}],"line":12},"2":{"loc":{"start":{"line":16,"column":6},"end":{"line":18,"column":7}},"type":"if","locations":[{"start":{"line":16,"column":6},"end":{"line":18,"column":7}},{"start":{},"end":{}}],"line":16}},"s":{"0":5,"1":5,"2":5,"3":5,"4":5,"5":5,"6":2,"7":2,"8":2,"9":2,"10":2,"11":2,"12":5,"13":5,"14":5,"15":2},"f":{"0":5,"1":2},"b":{"0":[2,3],"1":[5,2],"2":[2,0]},"_coverageSchema":"1a1c01bbd47fc00a2c39e90264f33305004495a9","hash":"dc8a066c15b57979ceb4e39fc703e9df19640640"}
,"/Users/bube/Documents/School/Stage_2/SoftwareDevInPractice/ElCobra/snake/movement/floodFill.js": {"path":"/Users/bube/Documents/School/Stage_2/SoftwareDevInPractice/ElCobra/snake/movement/floodFill.js","statementMap":{"0":{"start":{"line":9,"column":50},"end":{"line":9,"column":55}},"1":{"start":{"line":10,"column":18},"end":{"line":10,"column":27}},"2":{"start":{"line":11,"column":2},"end":{"line":12,"column":63}},"3":{"start":{"line":12,"column":4},"end":{"line":12,"column":63}},"4":{"start":{"line":12,"column":39},"end":{"line":12,"column":63}},"5":{"start":{"line":14,"column":2},"end":{"line":14,"column":58}},"6":{"start":{"line":14,"column":34},"end":{"line":14,"column":58}},"7":{"start":{"line":16,"column":18},"end":{"line":16,"column":27}},"8":{"start":{"line":17,"column":16},"end":{"line":17,"column":41}},"9":{"start":{"line":18,"column":14},"end":{"line":18,"column":15}},"10":{"start":{"line":20,"column":2},"end":{"line":35,"column":3}},"11":{"start":{"line":21,"column":16},"end":{"line":21,"column":27}},"12":{"start":{"line":22,"column":4},"end":{"line":22,"column":34}},"13":{"start":{"line":22,"column":26},"end":{"line":22,"column":34}},"14":{"start":{"line":23,"column":19},"end":{"line":23,"column":45}},"15":{"start":{"line":24,"column":4},"end":{"line":25,"column":14}},"16":{"start":{"line":25,"column":6},"end":{"line":25,"column":14}},"17":{"start":{"line":26,"column":4},"end":{"line":26,"column":20}},"18":{"start":{"line":27,"column":4},"end":{"line":27,"column":11}},"19":{"start":{"line":29,"column":4},"end":{"line":34,"column":5}},"20":{"start":{"line":37,"column":2},"end":{"line":37,"column":14}},"21":{"start":{"line":47,"column":25},"end":{"line":47,"column":34}},"22":{"start":{"line":48,"column":27},"end":{"line":48,"column":35}},"23":{"start":{"line":49,"column":16},"end":{"line":54,"column":3}},"24":{"start":{"line":56,"column":2},"end":{"line":63,"column":3}},"25":{"start":{"line":57,"column":4},"end":{"line":57,"column":35}},"26":{"start":{"line":57,"column":27},"end":{"line":57,"column":35}},"27":{"start":{"line":58,"column":17},"end":{"line":58,"column":45}},"28":{"start":{"line":60,"column":4},"end":{"line":62,"column":5}},"29":{"start":{"line":61,"column":6},"end":{"line":61,"column":30}},"30":{"start":{"line":64,"column":2},"end":{"line":64,"column":19}}},"fnMap":{"0":{"name":"floodFillBoard","decl":{"start":{"line":8,"column":16},"end":{"line":8,"column":30}},"loc":{"start":{"line":8,"column":45},"end":{"line":38,"column":1}},"line":8},"1":{"name":"filterDeadEndMoves","decl":{"start":{"line":46,"column":16},"end":{"line":46,"column":34}},"loc":{"start":{"line":46,"column":58},"end":{"line":65,"column":1}},"line":46}},"branchMap":{"0":{"loc":{"start":{"line":9,"column":33},"end":{"line":9,"column":45}},"type":"default-arg","locations":[{"start":{"line":9,"column":43},"end":{"line":9,"column":45}}],"line":9},"1":{"loc":{"start":{"line":22,"column":4},"end":{"line":22,"column":34}},"type":"if","locations":[{"start":{"line":22,"column":4},"end":{"line":22,"column":34}},{"start":{},"end":{}}],"line":22},"2":{"loc":{"start":{"line":24,"column":4},"end":{"line":25,"column":14}},"type":"if","locations":[{"start":{"line":24,"column":4},"end":{"line":25,"column":14}},{"start":{},"end":{}}],"line":24},"3":{"loc":{"start":{"line":24,"column":8},"end":{"line":24,"column":71}},"type":"binary-expr","locations":[{"start":{"line":24,"column":8},"end":{"line":24,"column":13}},{"start":{"line":24,"column":17},"end":{"line":24,"column":27}},{"start":{"line":24,"column":31},"end":{"line":24,"column":36}},{"start":{"line":24,"column":40},"end":{"line":24,"column":51}},{"start":{"line":24,"column":55},"end":{"line":24,"column":71}}],"line":24},"4":{"loc":{"start":{"line":57,"column":4},"end":{"line":57,"column":35}},"type":"if","locations":[{"start":{"line":57,"column":4},"end":{"line":57,"column":35}},{"start":{},"end":{}}],"line":57},"5":{"loc":{"start":{"line":60,"column":4},"end":{"line":62,"column":5}},"type":"if","locations":[{"start":{"line":60,"column":4},"end":{"line":62,"column":5}},{"start":{},"end":{}}],"line":60}},"s":{"0":8,"1":8,"2":8,"3":5,"4":5,"5":8,"6":0,"7":8,"8":8,"9":8,"10":8,"11":156,"12":156,"13":54,"14":102,"15":102,"16":65,"17":37,"18":37,"19":37,"20":8,"21":2,"22":2,"23":2,"24":2,"25":8,"26":2,"27":6,"28":6,"29":2,"30":2},"f":{"0":8,"1":2},"b":{"0":[0],"1":[54,102],"2":[65,37],"3":[102,88,74,59,48],"4":[2,6],"5":[2,4]},"_coverageSchema":"1a1c01bbd47fc00a2c39e90264f33305004495a9","hash":"704d0ae43f5f8d506ae130cbd3b4325d5021bbe4"}
,"/Users/bube/Documents/School/Stage_2/SoftwareDevInPractice/ElCobra/snake/movement/huntSmallerSnakes.js": {"path":"/Users/bube/Documents/School/Stage_2/SoftwareDevInPractice/ElCobra/snake/movement/huntSmallerSnakes.js","statementMap":{"0":{"start":{"line":2,"column":17},"end":{"line":2,"column":38}},"1":{"start":{"line":3,"column":19},"end":{"line":3,"column":44}},"2":{"start":{"line":4,"column":15},"end":{"line":4,"column":31}},"3":{"start":{"line":5,"column":21},"end":{"line":10,"column":3}},"4":{"start":{"line":13,"column":23},"end":{"line":15,"column":24}},"5":{"start":{"line":14,"column":17},"end":{"line":14,"column":58}},"6":{"start":{"line":15,"column":14},"end":{"line":15,"column":23}},"7":{"start":{"line":18,"column":20},"end":{"line":18,"column":22}},"8":{"start":{"line":19,"column":2},"end":{"line":26,"column":3}},"9":{"start":{"line":20,"column":4},"end":{"line":20,"column":35}},"10":{"start":{"line":20,"column":27},"end":{"line":20,"column":35}},"11":{"start":{"line":21,"column":4},"end":{"line":25,"column":5}},"12":{"start":{"line":22,"column":6},"end":{"line":24,"column":7}},"13":{"start":{"line":23,"column":8},"end":{"line":23,"column":30}},"14":{"start":{"line":27,"column":2},"end":{"line":27,"column":18}}},"fnMap":{"0":{"name":"huntSmallerSnakes","decl":{"start":{"line":1,"column":16},"end":{"line":1,"column":33}},"loc":{"start":{"line":1,"column":57},"end":{"line":28,"column":1}},"line":1},"1":{"name":"(anonymous_1)","decl":{"start":{"line":14,"column":12},"end":{"line":14,"column":13}},"loc":{"start":{"line":14,"column":17},"end":{"line":14,"column":58}},"line":14},"2":{"name":"(anonymous_2)","decl":{"start":{"line":15,"column":9},"end":{"line":15,"column":10}},"loc":{"start":{"line":15,"column":14},"end":{"line":15,"column":23}},"line":15}},"branchMap":{"0":{"loc":{"start":{"line":14,"column":17},"end":{"line":14,"column":58}},"type":"binary-expr","locations":[{"start":{"line":14,"column":17},"end":{"line":14,"column":30}},{"start":{"line":14,"column":34},"end":{"line":14,"column":58}}],"line":14},"1":{"loc":{"start":{"line":20,"column":4},"end":{"line":20,"column":35}},"type":"if","locations":[{"start":{"line":20,"column":4},"end":{"line":20,"column":35}},{"start":{},"end":{}}],"line":20},"2":{"loc":{"start":{"line":22,"column":6},"end":{"line":24,"column":7}},"type":"if","locations":[{"start":{"line":22,"column":6},"end":{"line":24,"column":7}},{"start":{},"end":{}}],"line":22},"3":{"loc":{"start":{"line":22,"column":10},"end":{"line":22,"column":46}},"type":"binary-expr","locations":[{"start":{"line":22,"column":10},"end":{"line":22,"column":26}},{"start":{"line":22,"column":30},"end":{"line":22,"column":46}}],"line":22}},"s":{"0":4,"1":4,"2":4,"3":4,"4":4,"5":8,"6":3,"7":4,"8":4,"9":16,"10":3,"11":13,"12":9,"13":2,"14":4},"f":{"0":4,"1":8,"2":3},"b":{"0":[8,4],"1":[3,13],"2":[2,7],"3":[9,2]},"_coverageSchema":"1a1c01bbd47fc00a2c39e90264f33305004495a9","hash":"ecb9c0bb0c06a357c5de34edb51b35b47f8a8179"}
,"/Users/bube/Documents/School/Stage_2/SoftwareDevInPractice/ElCobra/snake/movement/moveTowardsClosestFood.js": {"path":"/Users/bube/Documents/School/Stage_2/SoftwareDevInPractice/ElCobra/snake/movement/moveTowardsClosestFood.js","statementMap":{"0":{"start":{"line":2,"column":17},"end":{"line":2,"column":38}},"1":{"start":{"line":5,"column":26},"end":{"line":5,"column":34}},"2":{"start":{"line":6,"column":4},"end":{"line":12,"column":5}},"3":{"start":{"line":7,"column":23},"end":{"line":7,"column":76}},"4":{"start":{"line":8,"column":6},"end":{"line":11,"column":7}},"5":{"start":{"line":9,"column":8},"end":{"line":9,"column":26}},"6":{"start":{"line":10,"column":8},"end":{"line":10,"column":34}},"7":{"start":{"line":13,"column":4},"end":{"line":13,"column":22}},"8":{"start":{"line":16,"column":22},"end":{"line":16,"column":38}},"9":{"start":{"line":17,"column":29},"end":{"line":17,"column":31}},"10":{"start":{"line":18,"column":22},"end":{"line":18,"column":24}},"11":{"start":{"line":20,"column":2},"end":{"line":41,"column":3}},"12":{"start":{"line":21,"column":4},"end":{"line":24,"column":41}},"13":{"start":{"line":25,"column":9},"end":{"line":41,"column":3}},"14":{"start":{"line":26,"column":4},"end":{"line":32,"column":5}},"15":{"start":{"line":27,"column":6},"end":{"line":27,"column":60}},"16":{"start":{"line":28,"column":11},"end":{"line":32,"column":5}},"17":{"start":{"line":29,"column":6},"end":{"line":29,"column":60}},"18":{"start":{"line":31,"column":6},"end":{"line":31,"column":60}},"19":{"start":{"line":34,"column":4},"end":{"line":40,"column":5}},"20":{"start":{"line":35,"column":6},"end":{"line":35,"column":60}},"21":{"start":{"line":36,"column":11},"end":{"line":40,"column":5}},"22":{"start":{"line":37,"column":6},"end":{"line":37,"column":60}},"23":{"start":{"line":39,"column":6},"end":{"line":39,"column":60}},"24":{"start":{"line":43,"column":2},"end":{"line":45,"column":3}},"25":{"start":{"line":44,"column":4},"end":{"line":44,"column":42}},"26":{"start":{"line":46,"column":2},"end":{"line":46,"column":22}},"27":{"start":{"line":49,"column":2},"end":{"line":49,"column":46}}},"fnMap":{"0":{"name":"moveTowardClosestFood","decl":{"start":{"line":1,"column":16},"end":{"line":1,"column":37}},"loc":{"start":{"line":1,"column":61},"end":{"line":47,"column":1}},"line":1},"1":{"name":"getClosestFood","decl":{"start":{"line":3,"column":11},"end":{"line":3,"column":25}},"loc":{"start":{"line":3,"column":28},"end":{"line":14,"column":3}},"line":3},"2":{"name":"getDistanceFromTo","decl":{"start":{"line":48,"column":9},"end":{"line":48,"column":26}},"loc":{"start":{"line":48,"column":43},"end":{"line":50,"column":1}},"line":48}},"branchMap":{"0":{"loc":{"start":{"line":8,"column":6},"end":{"line":11,"column":7}},"type":"if","locations":[{"start":{"line":8,"column":6},"end":{"line":11,"column":7}},{"start":{},"end":{}}],"line":8},"1":{"loc":{"start":{"line":20,"column":2},"end":{"line":41,"column":3}},"type":"if","locations":[{"start":{"line":20,"column":2},"end":{"line":41,"column":3}},{"start":{"line":25,"column":9},"end":{"line":41,"column":3}}],"line":20},"2":{"loc":{"start":{"line":22,"column":6},"end":{"line":24,"column":41}},"type":"cond-expr","locations":[{"start":{"line":23,"column":10},"end":{"line":23,"column":41}},{"start":{"line":24,"column":10},"end":{"line":24,"column":41}}],"line":22},"3":{"loc":{"start":{"line":25,"column":9},"end":{"line":41,"column":3}},"type":"if","locations":[{"start":{"line":25,"column":9},"end":{"line":41,"column":3}},{"start":{"line":33,"column":9},"end":{"line":41,"column":3}}],"line":25},"4":{"loc":{"start":{"line":26,"column":4},"end":{"line":32,"column":5}},"type":"if","locations":[{"start":{"line":26,"column":4},"end":{"line":32,"column":5}},{"start":{"line":28,"column":11},"end":{"line":32,"column":5}}],"line":26},"5":{"loc":{"start":{"line":28,"column":11},"end":{"line":32,"column":5}},"type":"if","locations":[{"start":{"line":28,"column":11},"end":{"line":32,"column":5}},{"start":{"line":30,"column":11},"end":{"line":32,"column":5}}],"line":28},"6":{"loc":{"start":{"line":34,"column":4},"end":{"line":40,"column":5}},"type":"if","locations":[{"start":{"line":34,"column":4},"end":{"line":40,"column":5}},{"start":{"line":36,"column":11},"end":{"line":40,"column":5}}],"line":34},"7":{"loc":{"start":{"line":36,"column":11},"end":{"line":40,"column":5}},"type":"if","locations":[{"start":{"line":36,"column":11},"end":{"line":40,"column":5}},{"start":{"line":38,"column":11},"end":{"line":40,"column":5}}],"line":36}},"s":{"0":2,"1":2,"2":2,"3":2,"4":2,"5":2,"6":2,"7":2,"8":2,"9":2,"10":2,"11":2,"12":0,"13":2,"14":2,"15":2,"16":0,"17":0,"18":0,"19":0,"20":0,"21":0,"22":0,"23":0,"24":2,"25":8,"26":2,"27":2},"f":{"0":2,"1":2,"2":2},"b":{"0":[2,0],"1":[0,2],"2":[0,0],"3":[2,0],"4":[2,0],"5":[0,0],"6":[0,0],"7":[0,0]},"_coverageSchema":"1a1c01bbd47fc00a2c39e90264f33305004495a9","hash":"bdf33f72ca3162939afac37ab789c00007b97347"}
,"/Users/bube/Documents/School/Stage_2/SoftwareDevInPractice/ElCobra/snake/movement/simulateMove.js": {"path":"/Users/bube/Documents/School/Stage_2/SoftwareDevInPractice/ElCobra/snake/movement/simulateMove.js","statementMap":{"0":{"start":{"line":2,"column":23},"end":{"line":2,"column":49}},"1":{"start":{"line":3,"column":17},"end":{"line":3,"column":41}},"2":{"start":{"line":6,"column":2},"end":{"line":23,"column":3}},"3":{"start":{"line":8,"column":6},"end":{"line":8,"column":19}},"4":{"start":{"line":9,"column":6},"end":{"line":9,"column":11}},"5":{"start":{"line":12,"column":6},"end":{"line":12,"column":19}},"6":{"start":{"line":13,"column":6},"end":{"line":13,"column":11}},"7":{"start":{"line":16,"column":6},"end":{"line":16,"column":19}},"8":{"start":{"line":17,"column":6},"end":{"line":17,"column":11}},"9":{"start":{"line":20,"column":6},"end":{"line":20,"column":19}},"10":{"start":{"line":21,"column":6},"end":{"line":21,"column":11}},"11":{"start":{"line":26,"column":2},"end":{"line":26,"column":46}},"12":{"start":{"line":27,"column":2},"end":{"line":27,"column":29}},"13":{"start":{"line":30,"column":2},"end":{"line":30,"column":30}},"14":{"start":{"line":33,"column":20},"end":{"line":35,"column":3}},"15":{"start":{"line":34,"column":14},"end":{"line":34,"column":56}},"16":{"start":{"line":36,"column":2},"end":{"line":40,"column":3}},"17":{"start":{"line":37,"column":4},"end":{"line":37,"column":45}},"18":{"start":{"line":38,"column":4},"end":{"line":38,"column":33}},"19":{"start":{"line":39,"column":4},"end":{"line":39,"column":48}},"20":{"start":{"line":42,"column":2},"end":{"line":42,"column":21}}},"fnMap":{"0":{"name":"simulateMove","decl":{"start":{"line":1,"column":16},"end":{"line":1,"column":28}},"loc":{"start":{"line":1,"column":46},"end":{"line":43,"column":1}},"line":1},"1":{"name":"(anonymous_1)","decl":{"start":{"line":34,"column":4},"end":{"line":34,"column":5}},"loc":{"start":{"line":34,"column":14},"end":{"line":34,"column":56}},"line":34}},"branchMap":{"0":{"loc":{"start":{"line":6,"column":2},"end":{"line":23,"column":3}},"type":"switch","locations":[{"start":{"line":7,"column":4},"end":{"line":10,"column":5}},{"start":{"line":11,"column":4},"end":{"line":14,"column":5}},{"start":{"line":15,"column":4},"end":{"line":18,"column":5}},{"start":{"line":19,"column":4},"end":{"line":22,"column":5}}],"line":6},"1":{"loc":{"start":{"line":34,"column":14},"end":{"line":34,"column":56}},"type":"binary-expr","locations":[{"start":{"line":34,"column":14},"end":{"line":34,"column":33}},{"start":{"line":34,"column":37},"end":{"line":34,"column":56}}],"line":34},"2":{"loc":{"start":{"line":36,"column":2},"end":{"line":40,"column":3}},"type":"if","locations":[{"start":{"line":36,"column":2},"end":{"line":40,"column":3}},{"start":{},"end":{}}],"line":36}},"s":{"0":3,"1":3,"2":3,"3":1,"4":1,"5":0,"6":0,"7":1,"8":1,"9":1,"10":1,"11":3,"12":3,"13":3,"14":3,"15":5,"16":3,"17":1,"18":1,"19":1,"20":3},"f":{"0":3,"1":5},"b":{"0":[1,0,1,1],"1":[5,1],"2":[1,2]},"_coverageSchema":"1a1c01bbd47fc00a2c39e90264f33305004495a9","hash":"1cae430c05ceda8ef048b20e8878409c57c72021"}
}
