TN:
SF:snake/collisions/avoidCollisionWithOtherSnakes.js
FN:2,avoidCollisionsWithOtherSnakes
FN:6,(anonymous_1)
FNF:2
FNH:2
FNDA:3,avoidCollisionsWithOtherSnakes
FNDA:1,(anonymous_1)
DA:3,3
DA:4,3
DA:5,3
DA:6,1
DA:9,3
DA:10,4
DA:11,4
DA:14,4
DA:15,4
DA:16,4
DA:19,4
DA:22,4
DA:24,4
DA:27,12
DA:28,3
DA:31,9
DA:32,1
DA:33,8
DA:34,2
DA:35,6
DA:36,1
DA:37,5
DA:38,0
DA:43,3
LF:24
LH:23
BRDA:27,0,0,3
BRDA:27,0,1,9
BRDA:27,1,0,12
BRDA:27,1,1,4
BRDA:31,2,0,1
BRDA:31,2,1,8
BRDA:31,3,0,9
BRDA:31,3,1,2
BRDA:33,4,0,2
BRDA:33,4,1,6
BRDA:33,5,0,8
BRDA:33,5,1,3
BRDA:35,6,0,1
BRDA:35,6,1,5
BRDA:35,7,0,6
BRDA:35,7,1,3
BRDA:37,8,0,0
BRDA:37,8,1,5
BRDA:37,9,0,5
BRDA:37,9,1,1
BRF:20
BRH:19
end_of_record
TN:
SF:snake/collisions/avoidHeadToHead.js
FN:1,avoidHeadToHead
FN:27,(anonymous_1)
FNF:2
FNH:2
FNDA:1,avoidHeadToHead
FNDA:16,(anonymous_1)
DA:2,1
DA:3,1
DA:4,1
DA:11,1
DA:12,1
DA:13,1
DA:14,1
DA:17,1
DA:24,1
DA:25,4
DA:27,16
DA:30,0
DA:34,1
LF:13
LH:12
BRDA:12,0,0,0
BRDA:12,0,1,1
BRDA:25,1,0,0
BRDA:25,1,1,4
BRDA:26,2,0,4
BRDA:26,2,1,4
BRDA:26,2,2,0
BRDA:27,3,0,16
BRDA:27,3,1,4
BRF:9
BRH:6
end_of_record
TN:
SF:snake/collisions/avoidWalls.js
FN:1,avoidWalls
FNF:1
FNH:1
FNDA:2,avoidWalls
DA:2,2
DA:3,2
DA:4,2
DA:6,2
DA:7,2
DA:8,2
DA:9,2
DA:11,2
LF:8
LH:8
BRDA:6,0,0,1
BRDA:6,0,1,1
BRDA:7,1,0,0
BRDA:7,1,1,2
BRDA:8,2,0,0
BRDA:8,2,1,2
BRDA:9,3,0,1
BRDA:9,3,1,1
BRF:8
BRH:6
end_of_record
TN:
SF:snake/collisions/preventSelfCollision.js
FN:1,preventSelfCollision
FN:39,(anonymous_1)
FNF:2
FNH:2
FNDA:2,preventSelfCollision
FNDA:14,(anonymous_1)
DA:2,2
DA:3,2
DA:5,2
DA:6,8
DA:7,8
DA:9,8
DA:11,2
DA:13,2
DA:16,2
DA:18,2
DA:21,2
DA:23,2
DA:26,2
DA:28,2
DA:34,8
DA:37,8
DA:40,14
DA:43,2
DA:48,2
LF:19
LH:19
BRDA:6,0,0,8
BRDA:6,0,1,0
BRDA:9,1,0,2
BRDA:9,1,1,2
BRDA:9,1,2,2
BRDA:9,1,3,2
BRDA:37,2,0,2
BRDA:37,2,1,6
BRDA:40,3,0,14
BRDA:40,3,1,6
BRF:10
BRH:9
end_of_record
TN:
SF:snake/movement/evaluateGameState.js
FN:2,evaluateGameState
FN:32,getDistanceFromTo
FNF:2
FNH:2
FNDA:5,evaluateGameState
FNDA:2,getDistanceFromTo
DA:3,5
DA:4,5
DA:5,5
DA:6,5
DA:9,5
DA:12,5
DA:13,2
DA:14,2
DA:15,2
DA:16,2
DA:17,2
DA:20,2
DA:24,5
DA:27,5
DA:29,5
DA:33,2
LF:16
LH:16
BRDA:12,0,0,2
BRDA:12,0,1,3
BRDA:12,1,0,5
BRDA:12,1,1,2
BRDA:16,2,0,2
BRDA:16,2,1,0
BRF:6
BRH:5
end_of_record
TN:
SF:snake/movement/floodFill.js
FN:8,floodFillBoard
FN:46,filterDeadEndMoves
FNF:2
FNH:2
FNDA:8,floodFillBoard
FNDA:2,filterDeadEndMoves
DA:9,8
DA:10,8
DA:11,8
DA:12,5
DA:14,8
DA:16,8
DA:17,8
DA:18,8
DA:20,8
DA:21,156
DA:22,156
DA:23,102
DA:24,102
DA:25,65
DA:26,37
DA:27,37
DA:29,37
DA:37,8
DA:47,2
DA:48,2
DA:49,2
DA:56,2
DA:57,8
DA:58,6
DA:60,6
DA:61,2
DA:64,2
LF:27
LH:27
BRDA:9,0,0,0
BRDA:22,1,0,54
BRDA:22,1,1,102
BRDA:24,2,0,65
BRDA:24,2,1,37
BRDA:24,3,0,102
BRDA:24,3,1,88
BRDA:24,3,2,74
BRDA:24,3,3,59
BRDA:24,3,4,48
BRDA:57,4,0,2
BRDA:57,4,1,6
BRDA:60,5,0,2
BRDA:60,5,1,4
BRF:14
BRH:13
end_of_record
TN:
SF:snake/movement/huntSmallerSnakes.js
FN:1,huntSmallerSnakes
FN:14,(anonymous_1)
FN:15,(anonymous_2)
FNF:3
FNH:3
FNDA:4,huntSmallerSnakes
FNDA:8,(anonymous_1)
FNDA:3,(anonymous_2)
DA:2,4
DA:3,4
DA:4,4
DA:5,4
DA:13,4
DA:14,8
DA:15,3
DA:18,4
DA:19,4
DA:20,16
DA:21,13
DA:22,9
DA:23,2
DA:27,4
LF:14
LH:14
BRDA:14,0,0,8
BRDA:14,0,1,4
BRDA:20,1,0,3
BRDA:20,1,1,13
BRDA:22,2,0,2
BRDA:22,2,1,7
BRDA:22,3,0,9
BRDA:22,3,1,2
BRF:8
BRH:8
end_of_record
TN:
SF:snake/movement/moveTowardsClosestFood.js
FN:1,moveTowardClosestFood
FN:3,getClosestFood
FN:48,getDistanceFromTo
FNF:3
FNH:3
FNDA:2,moveTowardClosestFood
FNDA:2,getClosestFood
FNDA:2,getDistanceFromTo
DA:2,2
DA:5,2
DA:6,2
DA:7,2
DA:8,2
DA:9,2
DA:10,2
DA:13,2
DA:16,2
DA:17,2
DA:18,2
DA:20,2
DA:21,0
DA:25,2
DA:26,2
DA:27,2
DA:28,0
DA:29,0
DA:31,0
DA:34,0
DA:35,0
DA:36,0
DA:37,0
DA:39,0
DA:43,2
DA:44,8
DA:46,2
DA:49,2
LF:28
LH:19
BRDA:8,0,0,2
BRDA:8,0,1,0
BRDA:20,1,0,0
BRDA:20,1,1,2
BRDA:22,2,0,0
BRDA:22,2,1,0
BRDA:25,3,0,2
BRDA:25,3,1,0
BRDA:26,4,0,2
BRDA:26,4,1,0
BRDA:28,5,0,0
BRDA:28,5,1,0
BRDA:34,6,0,0
BRDA:34,6,1,0
BRDA:36,7,0,0
BRDA:36,7,1,0
BRF:16
BRH:4
end_of_record
TN:
SF:snake/movement/simulateMove.js
FN:1,simulateMove
FN:34,(anonymous_1)
FNF:2
FNH:2
FNDA:3,simulateMove
FNDA:5,(anonymous_1)
DA:2,3
DA:3,3
DA:6,3
DA:8,1
DA:9,1
DA:12,0
DA:13,0
DA:16,1
DA:17,1
DA:20,1
DA:21,1
DA:26,3
DA:27,3
DA:30,3
DA:33,3
DA:34,5
DA:36,3
DA:37,1
DA:38,1
DA:39,1
DA:42,3
LF:21
LH:19
BRDA:6,0,0,1
BRDA:6,0,1,0
BRDA:6,0,2,1
BRDA:6,0,3,1
BRDA:34,1,0,5
BRDA:34,1,1,1
BRDA:36,2,0,1
BRDA:36,2,1,2
BRF:8
BRH:7
end_of_record
